0 info it worked if it ends with ok
1 verbose cli [ '/usr/local/bin/node',
1 verbose cli   '/usr/local/bin/npm',
1 verbose cli   'install',
1 verbose cli   'fsevents' ]
2 info using npm@3.10.8
3 info using node@v6.9.1
4 silly loadCurrentTree Starting
5 silly install loadCurrentTree
6 silly install readLocalPackageData
7 silly fetchPackageMetaData fsevents
8 silly fetchNamedPackageData fsevents
9 silly mapToRegistry name fsevents
10 silly mapToRegistry using default registry
11 silly mapToRegistry registry https://registry.npmjs.org/
12 silly mapToRegistry data Result {
12 silly mapToRegistry   raw: 'fsevents',
12 silly mapToRegistry   scope: null,
12 silly mapToRegistry   escapedName: 'fsevents',
12 silly mapToRegistry   name: 'fsevents',
12 silly mapToRegistry   rawSpec: '',
12 silly mapToRegistry   spec: 'latest',
12 silly mapToRegistry   type: 'tag' }
13 silly mapToRegistry uri https://registry.npmjs.org/fsevents
14 verbose request uri https://registry.npmjs.org/fsevents
15 verbose request no auth needed
16 info attempt registry request try #1 at 1:27:34 AM
17 verbose request using bearer token for auth
18 verbose request id 4a48f325095b09e3
19 verbose etag "J1WMJADQEUBTKGSOYI5A2X04"
20 http request GET https://registry.npmjs.org/fsevents
21 http 304 https://registry.npmjs.org/fsevents
22 verbose headers { 'cache-control': 'max-age=300',
22 verbose headers   'accept-ranges': 'bytes',
22 verbose headers   date: 'Sun, 23 Oct 2016 06:27:34 GMT',
22 verbose headers   via: '1.1 varnish',
22 verbose headers   connection: 'keep-alive',
22 verbose headers   'x-served-by': 'cache-dfw1833-DFW',
22 verbose headers   'x-cache': 'MISS',
22 verbose headers   'x-cache-hits': '0',
22 verbose headers   'x-timer': 'S1477204054.576660,VS0,VE176',
22 verbose headers   vary: 'Accept-Encoding' }
23 silly get cb [ 304,
23 silly get   { 'cache-control': 'max-age=300',
23 silly get     'accept-ranges': 'bytes',
23 silly get     date: 'Sun, 23 Oct 2016 06:27:34 GMT',
23 silly get     via: '1.1 varnish',
23 silly get     connection: 'keep-alive',
23 silly get     'x-served-by': 'cache-dfw1833-DFW',
23 silly get     'x-cache': 'MISS',
23 silly get     'x-cache-hits': '0',
23 silly get     'x-timer': 'S1477204054.576660,VS0,VE176',
23 silly get     vary: 'Accept-Encoding' } ]
24 verbose etag https://registry.npmjs.org/fsevents from cache
25 verbose get saving fsevents to /home/astrp/.npm/registry.npmjs.org/fsevents/.cache.json
26 verbose correctMkdir /home/astrp/.npm correctMkdir not in flight; initializing
27 silly install normalizeTree
28 silly loadCurrentTree Finishing
29 silly loadIdealTree Starting
30 silly install loadIdealTree
31 silly cloneCurrentTree Starting
32 silly install cloneCurrentTreeToIdealTree
33 silly cloneCurrentTree Finishing
34 silly loadShrinkwrap Starting
35 silly install loadShrinkwrap
36 silly loadShrinkwrap Finishing
37 silly loadAllDepsIntoIdealTree Starting
38 silly install loadAllDepsIntoIdealTree
39 silly rollbackFailedOptional Starting
40 silly rollbackFailedOptional Finishing
41 silly runTopLevelLifecycles Finishing
42 silly install printInstalled
43 verbose stack Error: Unsupported platform for fsevents@1.0.14: wanted {"name":"fsevents","version":"1.0.14","description":"Native Access to Mac OS-X FSEvents","main":"fsevents.js","dependencies":{"nan":"^2.3.0","node-pre-gyp":"^0.6.29"},"os":["darwin"],"engines":{"node":">=0.8.0"},"scripts":{"install":"node-pre-gyp install --fallback-to-build","prepublish":"if [ $(npm -v | head -c 1) -lt 3 ]; then exit 1; fi && npm dedupe","test":"tap ./test"},"binary":{"module_name":"fse","module_path":"./lib/binding/{configuration}/{node_abi}-{platform}-{arch}/","remote_path":"./v{version}/","package_name":"{module_name}-v{version}-{node_abi}-{platform}-{arch}.tar.gz","host":"https://fsevents-binaries.s3-us-west-2.amazonaws.com"},"repository":{"type":"git","url":"git+https://github.com/strongloop/fsevents.git"},"keywords":["fsevents","mac"],"author":{"name":"Philipp Dunkel","email":"pip@pipobscure.com"},"license":"MIT","bugs":{"url":"https://github.com/strongloop/fsevents/issues"},"homepage":"https://github.com/strongloop/fsevents","devDependencies":{"tap":"~0.4.8"},"gitHead":"fe059ea77fae15ed289271eecc881a2b7fb54edd","bundleDependencies":["node-pre-gyp"],"_id":"fsevents@1.0.14","_shasum":"558e8cc38643d8ef40fe45158486d0d25758eee4","_from":"fsevents","_npmVersion":"3.6.0","_nodeVersion":"5.6.0","_npmUser":{"name":"es128","email":"elan.shanker+npm@gmail.com"},"dist":{"shasum":"558e8cc38643d8ef40fe45158486d0d25758eee4","tarball":"https://registry.npmjs.org/fsevents/-/fsevents-1.0.14.tgz"},"maintainers":[{"name":"bajtos","email":"miro.bajtos@gmail.com"},{"name":"bnoordhuis","email":"info@bnoordhuis.nl"},{"name":"es128","email":"elan.shanker+npm@gmail.com"},{"name":"pipobscure","email":"pip@pipobscure.com"},{"name":"strongloop","email":"callback@strongloop.com"}],"_npmOperationalInternal":{"host":"packages-16-east.internal.npmjs.com","tmp":"tmp/fsevents-1.0.14.tgz_1468846610948_0.4684492303058505"},"directories":{},"_resolved":"https://registry.npmjs.org/fsevents/-/fsevents-1.0.14.tgz","_requested":{"raw":"fsevents","scope":null,"escapedName":"fsevents","name":"fsevents","rawSpec":"","spec":"latest","type":"tag"},"_spec":"fsevents","_where":"/home/astrp/projects/node/hexo-admin","_args":[[{"raw":"fsevents","scope":null,"escapedName":"fsevents","name":"fsevents","rawSpec":"","spec":"latest","type":"tag"},"/home/astrp/projects/node/hexo-admin"]],"readme":"ERROR: No README data found!"} (current: {"os":"linux","cpu":"x64"})
43 verbose stack     at checkPlatform (/usr/local/lib/node_modules/npm/node_modules/npm-install-checks/index.js:45:14)
43 verbose stack     at thenWarnEngineIssues (/usr/local/lib/node_modules/npm/lib/install/validate-args.js:41:5)
43 verbose stack     at /usr/local/lib/node_modules/npm/node_modules/iferr/index.js:13:50
43 verbose stack     at checkEngine (/usr/local/lib/node_modules/npm/node_modules/npm-install-checks/index.js:24:10)
43 verbose stack     at module.exports.isInstallable (/usr/local/lib/node_modules/npm/lib/install/validate-args.js:38:3)
43 verbose stack     at Array.<anonymous> (/usr/local/lib/node_modules/npm/node_modules/slide/lib/bind-actor.js:15:8)
43 verbose stack     at LOOP (/usr/local/lib/node_modules/npm/node_modules/slide/lib/chain.js:15:14)
43 verbose stack     at /usr/local/lib/node_modules/npm/node_modules/slide/lib/chain.js:18:7
43 verbose stack     at checkSelf (/usr/local/lib/node_modules/npm/lib/install/validate-args.js:46:72)
43 verbose stack     at Array.<anonymous> (/usr/local/lib/node_modules/npm/node_modules/slide/lib/bind-actor.js:15:8)
44 verbose pkgid fsevents@1.0.14
45 verbose cwd /home/astrp/projects/node/hexo-admin
46 error Linux 4.4.0-42-generic
47 error argv "/usr/local/bin/node" "/usr/local/bin/npm" "install" "fsevents"
48 error node v6.9.1
49 error npm  v3.10.8
50 error code EBADPLATFORM
51 error notsup Unsupported platform for fsevents@1.0.14: wanted {"os":"darwin","arch":"any"} (current: {"os":"linux","arch":"x64"})
52 error notsup Valid OS:    darwin
52 error notsup Valid Arch:  any
52 error notsup Actual OS:   linux
52 error notsup Actual Arch: x64
53 verbose exit [ 1, true ]
